\BOOKMARK [0][-]{chapter.1}{Notes on Installation and Launch}{}% 1
\BOOKMARK [1][-]{section.1.1}{Installation}{chapter.1}% 2
\BOOKMARK [2][-]{subsection.1.1.1}{Downloading material}{section.1.1}% 3
\BOOKMARK [2][-]{subsection.1.1.2}{Additional packages to be installed}{section.1.1}% 4
\BOOKMARK [2][-]{subsection.1.1.3}{Additional modifications}{section.1.1}% 5
\BOOKMARK [1][-]{section.1.2}{Launch}{chapter.1}% 6
\BOOKMARK [2][-]{subsection.1.2.1}{Original Project}{section.1.2}% 7
\BOOKMARK [0][-]{chapter.2}{General Project Structure}{}% 8
\BOOKMARK [1][-]{section.2.1}{Catkin Workspace Directories}{chapter.2}% 9
\BOOKMARK [2][-]{subsection.2.1.1}{Original MIT Racecar Packages}{section.2.1}% 10
\BOOKMARK [2][-]{subsection.2.1.2}{Added Packages}{section.2.1}% 11
\BOOKMARK [0][-]{chapter.3}{Original System Introduction}{}% 12
\BOOKMARK [0][-]{chapter.4}{\(Our\) System Description}{}% 13
\BOOKMARK [1][-]{section.4.1}{Scheme of the whole system}{chapter.4}% 14
\BOOKMARK [1][-]{section.4.2}{Topics}{chapter.4}% 15
\BOOKMARK [2][-]{subsection.4.2.1}{Scheme of topic publications/subscriptions}{section.4.2}% 16
\BOOKMARK [2][-]{subsection.4.2.2}{Topics meaning}{section.4.2}% 17
\BOOKMARK [0][-]{chapter.5}{Detailed Package Description}{}% 18
\BOOKMARK [1][-]{section.5.1}{Package \(original\) ackermann\137msgs}{chapter.5}% 19
\BOOKMARK [1][-]{section.5.2}{Package \(original\) racecar}{chapter.5}% 20
\BOOKMARK [1][-]{section.5.3}{Package \(original\) racecar\137gazebo}{chapter.5}% 21
\BOOKMARK [1][-]{section.5.4}{Package car\137control}{chapter.5}% 22
\BOOKMARK [2][-]{subsection.5.4.1}{Intro}{section.5.4}% 23
\BOOKMARK [2][-]{subsection.5.4.2}{Configuration}{section.5.4}% 24
\BOOKMARK [2][-]{subsection.5.4.3}{Launch}{section.5.4}% 25
\BOOKMARK [2][-]{subsection.5.4.4}{Node car\137control}{section.5.4}% 26
\BOOKMARK [1][-]{section.5.5}{Package car\137kinematic\137control}{chapter.5}% 27
\BOOKMARK [2][-]{subsection.5.5.1}{Intro}{section.5.5}% 28
\BOOKMARK [2][-]{subsection.5.5.2}{Configuration}{section.5.5}% 29
\BOOKMARK [2][-]{subsection.5.5.3}{Launch}{section.5.5}% 30
\BOOKMARK [2][-]{subsection.5.5.4}{Node car\137kin\137controller}{section.5.5}% 31
\BOOKMARK [1][-]{section.5.6}{Package trajectoy\137tracker}{chapter.5}% 32
\BOOKMARK [2][-]{subsection.5.6.1}{Configuration}{section.5.6}% 33
\BOOKMARK [2][-]{subsection.5.6.2}{Node trajectory\137tracker}{section.5.6}% 34
\BOOKMARK [2][-]{subsection.5.6.3}{Choiche of PID controller and parameters}{section.5.6}% 35
\BOOKMARK [1][-]{section.5.7}{Package CarCommndsFr}{chapter.5}% 36
\BOOKMARK [2][-]{subsection.5.7.1}{Intro}{section.5.7}% 37
\BOOKMARK [2][-]{subsection.5.7.2}{Configuration}{section.5.7}% 38
\BOOKMARK [2][-]{subsection.5.7.3}{Launch}{section.5.7}% 39
\BOOKMARK [2][-]{subsection.5.7.4}{Node car\137commands\137fr}{section.5.7}% 40
\BOOKMARK [0][-]{appendix.A}{launch package inclusion}{}% 41
